0 info it worked if it ends with ok
1 verbose cli [ 'C:\\Program Files\\nodejs\\node.exe',
1 verbose cli   'C:\\Users\\Nik Kyriakidis\\AppData\\Roaming\\npm\\node_modules\\npm\\bin\\npm-cli.js',
1 verbose cli   'publish' ]
2 info using npm@3.8.2
3 info using node@v4.3.0
4 verbose publish [ '.' ]
5 silly cache add args [ '.', null ]
6 verbose cache add spec .
7 silly cache add parsed spec Result {
7 silly cache add   raw: '.',
7 silly cache add   scope: null,
7 silly cache add   name: null,
7 silly cache add   rawSpec: '.',
7 silly cache add   spec: 'C:\\xampp\\htdocs\\WordSmith\\theme\\generator-wordsmith-theme',
7 silly cache add   type: 'directory' }
8 verbose addLocalDirectory C:\Users\Nik Kyriakidis\AppData\Roaming\npm-cache\generator-wordsmith-theme\0.0.1\package.tgz not in flight; packing
9 verbose correctMkdir C:\Users\Nik Kyriakidis\AppData\Roaming\npm-cache correctMkdir not in flight; initializing
10 info lifecycle generator-wordsmith-theme@0.0.1~prepublish: generator-wordsmith-theme@0.0.1
11 verbose lifecycle generator-wordsmith-theme@0.0.1~prepublish: unsafe-perm in lifecycle true
12 verbose lifecycle generator-wordsmith-theme@0.0.1~prepublish: PATH: C:\Users\Nik Kyriakidis\AppData\Roaming\npm\node_modules\npm\bin\node-gyp-bin;C:\xampp\htdocs\WordSmith\theme\generator-wordsmith-theme\node_modules\.bin;C:\Program Files\nodejs;C:\ProgramData\Oracle\Java\javapath;C:\WINDOWS\system32;C:\WINDOWS;C:\WINDOWS\System32\Wbem;C:\WINDOWS\System32\WindowsPowerShell\v1.0\;C:\Program Files\nodejs\;C:\WINDOWS\system32\config\systemprofile\.dnx\bin;C:\Program Files\Microsoft DNX\Dnvm\;C:\xampp\php;C:\ProgramData\ComposerSetup\bin;C:\Program Files\Microsoft SQL Server\120\Tools\Binn\;C:\Program Files (x86)\Microsoft SQL Server\Client SDK\ODBC\110\Tools\Binn\;C:\Program Files (x86)\Microsoft SQL Server\120\Tools\Binn\ManagementStudio\;C:\Program Files (x86)\Microsoft SQL Server\120\Tools\Binn\;C:\Program Files (x86)\Microsoft SQL Server\120\DTS\Binn\;C:\Program Files\Microsoft SQL Server\130\Tools\Binn\;C:\Program Files (x86)\Windows Kits\10\Windows Performance Toolkit\;C:\Program Files\Git\cmd;C:\Ruby22\bin;C:\Users\Nik Kyriakidis\AppData\Roaming\npm;C:\Program Files\Java\jdk1.8.0_73\bin;C:\Users\Nik Kyriakidis\AppData\Roaming\Apigen
13 verbose lifecycle generator-wordsmith-theme@0.0.1~prepublish: CWD: C:\xampp\htdocs\WordSmith\theme\generator-wordsmith-theme
14 silly lifecycle generator-wordsmith-theme@0.0.1~prepublish: Args: [ '/d /s /c', 'gulp prepublish' ]
15 silly lifecycle generator-wordsmith-theme@0.0.1~prepublish: Returned: code: 0  signal: null
16 verbose tar pack [ 'C:\\Users\\Nik Kyriakidis\\AppData\\Roaming\\npm-cache\\generator-wordsmith-theme\\0.0.1\\package.tgz',
16 verbose tar pack   'C:\\xampp\\htdocs\\WordSmith\\theme\\generator-wordsmith-theme' ]
17 verbose tarball C:\Users\Nik Kyriakidis\AppData\Roaming\npm-cache\generator-wordsmith-theme\0.0.1\package.tgz
18 verbose folder C:\xampp\htdocs\WordSmith\theme\generator-wordsmith-theme
19 verbose addLocalTarball adding from inside cache C:\Users\Nik Kyriakidis\AppData\Roaming\npm-cache\generator-wordsmith-theme\0.0.1\package.tgz
20 verbose correctMkdir C:\Users\Nik Kyriakidis\AppData\Roaming\npm-cache correctMkdir not in flight; initializing
21 silly cache afterAdd generator-wordsmith-theme@0.0.1
22 verbose afterAdd C:\Users\Nik Kyriakidis\AppData\Roaming\npm-cache\generator-wordsmith-theme\0.0.1\package\package.json not in flight; writing
23 verbose correctMkdir C:\Users\Nik Kyriakidis\AppData\Roaming\npm-cache correctMkdir not in flight; initializing
24 verbose afterAdd C:\Users\Nik Kyriakidis\AppData\Roaming\npm-cache\generator-wordsmith-theme\0.0.1\package\package.json written
25 silly publish { name: 'generator-wordsmith-theme',
25 silly publish   version: '0.0.1',
25 silly publish   description: 'generate a wordsmith theme',
25 silly publish   homepage: 'http://nk2580.github.io/wordsmith',
25 silly publish   author: { name: 'nik kyriakidis', email: 'nik.k2580@gmail.com' },
25 silly publish   files: [ 'generators' ],
25 silly publish   main: 'generators\\index.js',
25 silly publish   keywords: [ 'yeoman-generator' ],
25 silly publish   dependencies:
25 silly publish    { 'yeoman-generator': '^0.23.0',
25 silly publish      chalk: '^1.0.0',
25 silly publish      yosay: '^1.0.0' },
25 silly publish   devDependencies:
25 silly publish    { 'yeoman-test': '^1.0.0',
25 silly publish      'yeoman-assert': '^2.0.0',
25 silly publish      eslint: '^2.1.0',
25 silly publish      'eslint-config-xo-space': '^0.13.0',
25 silly publish      gulp: '^3.9.0',
25 silly publish      'gulp-eslint': '^2.0.0',
25 silly publish      'gulp-exclude-gitignore': '^1.0.0',
25 silly publish      'gulp-line-ending-corrector': '^1.0.1',
25 silly publish      'gulp-istanbul': '^0.10.3',
25 silly publish      'gulp-mocha': '^2.0.0',
25 silly publish      'gulp-plumber': '^1.0.0',
25 silly publish      'gulp-nsp': '^2.1.0' },
25 silly publish   eslintConfig: { extends: 'xo-space', env: { mocha: true } },
25 silly publish   repository:
25 silly publish    { type: 'git',
25 silly publish      url: 'git+https://github.com/nk2580/WordSmith-Theme.git' },
25 silly publish   scripts: { prepublish: 'gulp prepublish', test: 'gulp' },
25 silly publish   license: 'Apache-2.0',
25 silly publish   readme: '# generator-wordsmith-theme [![NPM version][npm-image]][npm-url] [![Build Status][travis-image]][travis-url] [![Dependency Status][daviddm-image]][daviddm-url]\n> generate a wordsmith theme\n\n## Installation\n\nFirst, install [Yeoman](http://yeoman.io) and generator-wordsmith-theme using [npm](https://www.npmjs.com/) (we assume you have pre-installed [node.js](https://nodejs.org/)).\n\n```bash\nnpm install -g yo\nnpm install -g generator-wordsmith-theme\n```\n\nThen generate your new project:\n\n```bash\nyo wordsmith-theme\n```\n\n## Getting To Know Yeoman\n\n * Yeoman has a heart of gold.\n * Yeoman is a person with feelings and opinions, but is very easy to work with.\n * Yeoman can be too opinionated at times but is easily convinced not to be.\n * Feel free to [learn more about Yeoman](http://yeoman.io/).\n\n## License\n\nApache-2.0 © [nik kyriakidis]()\n\n\n[npm-image]: https://badge.fury.io/js/generator-wordsmith-theme.svg\n[npm-url]: https://npmjs.org/package/generator-wordsmith-theme\n[travis-image]: https://travis-ci.org/nk2580/WordSmith-Theme.svg?branch=master\n[travis-url]: https://travis-ci.org/nk2580/WordSmith-Theme\n[daviddm-image]: https://david-dm.org/nk2580/generator-wordsmith-theme.svg?theme=shields.io\n[daviddm-url]: https://david-dm.org/nk2580/generator-wordsmith-theme\n',
25 silly publish   readmeFilename: 'README.md',
25 silly publish   gitHead: 'd4aa2555908b159a0ee00a41673a9b89b98dabb4',
25 silly publish   bugs: { url: 'https://github.com/nk2580/WordSmith-Theme/issues' },
25 silly publish   _id: 'generator-wordsmith-theme@0.0.1',
25 silly publish   _shasum: '691c44eca188a155d5f907df7b317c7b7f0712aa',
25 silly publish   _from: '.' }
26 verbose getPublishConfig undefined
27 silly mapToRegistry name generator-wordsmith-theme
28 silly mapToRegistry using default registry
29 silly mapToRegistry registry https://registry.npmjs.org/
30 silly mapToRegistry uri https://registry.npmjs.org/generator-wordsmith-theme
31 verbose publish registryBase https://registry.npmjs.org/
32 silly publish uploading C:\Users\Nik Kyriakidis\AppData\Roaming\npm-cache\generator-wordsmith-theme\0.0.1\package.tgz
33 verbose request uri https://registry.npmjs.org/generator-wordsmith-theme
34 verbose request sending authorization for write operation
35 info attempt registry request try #1 at 12:06:22 PM
36 verbose request using bearer token for auth
37 verbose request id 17cc86fee614969a
38 http request PUT https://registry.npmjs.org/generator-wordsmith-theme
39 http 403 https://registry.npmjs.org/generator-wordsmith-theme
40 verbose headers { 'content-type': 'application/json',
40 verbose headers   'cache-control': 'max-age=300',
40 verbose headers   'content-length': '95',
40 verbose headers   'accept-ranges': 'bytes',
40 verbose headers   date: 'Fri, 17 Jun 2016 02:06:25 GMT',
40 verbose headers   via: '1.1 varnish',
40 verbose headers   connection: 'keep-alive',
40 verbose headers   'x-served-by': 'cache-syd1620-SYD',
40 verbose headers   'x-cache': 'MISS',
40 verbose headers   'x-cache-hits': '0',
40 verbose headers   'x-timer': 'S1466129184.866480,VS0,VE936',
40 verbose headers   vary: 'Accept-Encoding' }
41 verbose request invalidating C:\Users\Nik Kyriakidis\AppData\Roaming\npm-cache\registry.npmjs.org\generator-wordsmith-theme on PUT
42 error publish Failed PUT 403
43 verbose stack Error: "You cannot publish over the previously published version 0.0.1." : generator-wordsmith-theme
43 verbose stack     at makeError (C:\Users\Nik Kyriakidis\AppData\Roaming\npm\node_modules\npm\node_modules\npm-registry-client\lib\request.js:264:12)
43 verbose stack     at CachingRegistryClient.<anonymous> (C:\Users\Nik Kyriakidis\AppData\Roaming\npm\node_modules\npm\node_modules\npm-registry-client\lib\request.js:252:14)
43 verbose stack     at Request._callback (C:\Users\Nik Kyriakidis\AppData\Roaming\npm\node_modules\npm\node_modules\npm-registry-client\lib\request.js:172:14)
43 verbose stack     at Request.self.callback (C:\Users\Nik Kyriakidis\AppData\Roaming\npm\node_modules\npm\node_modules\request\request.js:199:22)
43 verbose stack     at emitTwo (events.js:87:13)
43 verbose stack     at Request.emit (events.js:172:7)
43 verbose stack     at Request.<anonymous> (C:\Users\Nik Kyriakidis\AppData\Roaming\npm\node_modules\npm\node_modules\request\request.js:1036:10)
43 verbose stack     at emitOne (events.js:82:20)
43 verbose stack     at Request.emit (events.js:169:7)
43 verbose stack     at IncomingMessage.<anonymous> (C:\Users\Nik Kyriakidis\AppData\Roaming\npm\node_modules\npm\node_modules\request\request.js:963:12)
44 verbose statusCode 403
45 verbose pkgid generator-wordsmith-theme
46 verbose cwd C:\xampp\htdocs\WordSmith\theme\generator-wordsmith-theme
47 error Windows_NT 10.0.10586
48 error argv "C:\\Program Files\\nodejs\\node.exe" "C:\\Users\\Nik Kyriakidis\\AppData\\Roaming\\npm\\node_modules\\npm\\bin\\npm-cli.js" "publish"
49 error node v4.3.0
50 error npm  v3.8.2
51 error code E403
52 error "You cannot publish over the previously published version 0.0.1." : generator-wordsmith-theme
53 error If you need help, you may report this error at:
53 error     <https://github.com/npm/npm/issues>
54 verbose exit [ 1, true ]
